no change     /home1/10000/fairytien33/miniconda3/condabin/conda
no change     /home1/10000/fairytien33/miniconda3/bin/conda
no change     /home1/10000/fairytien33/miniconda3/bin/conda-env
no change     /home1/10000/fairytien33/miniconda3/bin/activate
no change     /home1/10000/fairytien33/miniconda3/bin/deactivate
no change     /home1/10000/fairytien33/miniconda3/etc/profile.d/conda.sh
no change     /home1/10000/fairytien33/miniconda3/etc/fish/conf.d/conda.fish
no change     /home1/10000/fairytien33/miniconda3/shell/condabin/Conda.psm1
no change     /home1/10000/fairytien33/miniconda3/shell/condabin/conda-hook.ps1
no change     /home1/10000/fairytien33/miniconda3/lib/python3.12/site-packages/xontrib/conda.xsh
no change     /home1/10000/fairytien33/miniconda3/etc/profile.d/conda.csh
no change     /home1/10000/fairytien33/.bashrc
No action taken.

CondaError: Run 'conda init' before 'conda activate'

Number of cores:  128
10
11
12
13
14
15
16
17
18
19
20
21
22
23
24
25
26
27
28
29
30
31
32
33
34
35
36
37
38
39
40
41
42
43
44
45
46
47
48
49
50
51
52
53
54
55
56
57
58
59
60
61
62
63
64
65
66
67
68
69
70
71
72
73
74
75
76
77
78
79
80
81
82
83
84
85
86
87
88
89
90
Results saved as data/sys2_contours_mcz_2024-08-15_01-54-08.pkl
Total time to run the script: 0:39:52.95 (h:m:s)
