This is task
no change     /home1/10000/fairytien33/miniconda3/condabin/conda
no change     /home1/10000/fairytien33/miniconda3/bin/conda
no change     /home1/10000/fairytien33/miniconda3/bin/conda-env
no change     /home1/10000/fairytien33/miniconda3/bin/activate
no change     /home1/10000/fairytien33/miniconda3/bin/deactivate
no change     /home1/10000/fairytien33/miniconda3/etc/profile.d/conda.sh
no change     /home1/10000/fairytien33/miniconda3/etc/fish/conf.d/conda.fish
no change     /home1/10000/fairytien33/miniconda3/shell/condabin/Conda.psm1
no change     /home1/10000/fairytien33/miniconda3/shell/condabin/conda-hook.ps1
no change     /home1/10000/fairytien33/miniconda3/lib/python3.12/site-packages/xontrib/conda.xsh
no change     /home1/10000/fairytien33/miniconda3/etc/profile.d/conda.csh
no change     /home1/10000/fairytien33/.bashrc
No action taken.

CondaError: Run 'conda init' before 'conda activate'

Number of cores:  128
Finished assigning parameters
srun: Job step aborted: Waiting up to 32 seconds for job step to finish.
slurmstepd: error: *** JOB 1869357 ON c311-171 CANCELLED AT 2024-08-02T20:35:30 DUE TO TIME LIMIT ***
slurmstepd: error: *** STEP 1869357.0 ON c311-171 CANCELLED AT 2024-08-02T20:35:30 DUE TO TIME LIMIT ***
srun: got SIGCONT
srun: forcing job termination
srun: error: c311-171: task 0: Terminated
